<?xml version="1.0" encoding="UTF-8"?>
<testng-results skipped="0" failed="0" ignored="0" total="1" passed="1">
  <reporter-output>
  </reporter-output>
  <suite name="Default suite" duration-ms="41" started-at="2022-07-15T00:29:45 EDT" finished-at="2022-07-15T00:29:45 EDT">
    <groups>
    </groups>
    <test name="Default test" duration-ms="41" started-at="2022-07-15T00:29:45 EDT" finished-at="2022-07-15T00:29:45 EDT">
      <class name="JS_Count">
        <test-method status="PASS" signature="CountTest()[pri:0, instance:JS_Count@5d76b067]" name="CountTest" duration-ms="20" started-at="2022-07-15T00:29:45 EDT" finished-at="2022-07-15T00:29:45 EDT">
          <reporter-output>
          </reporter-output>
        </test-method> <!-- CountTest -->
      </class> <!-- JS_Count -->
    </test> <!-- Default test -->
  </suite> <!-- Default suite -->
</testng-results>
